c:\users\liam\clionprojects\ca3_for_submission-liamflynn2003\build\drop_pod.dir\debug\cmp_button.obj
c:\users\liam\clionprojects\ca3_for_submission-liamflynn2003\build\drop_pod.dir\debug\scene_settings.obj
c:\users\liam\clionprojects\ca3_for_submission-liamflynn2003\build\drop_pod.dir\debug\drop_pod_game.obj
c:\users\liam\clionprojects\ca3_for_submission-liamflynn2003\build\drop_pod.dir\debug\cmp_player.obj
c:\users\liam\clionprojects\ca3_for_submission-liamflynn2003\build\drop_pod.dir\debug\cmp_shooting.obj
c:\users\liam\clionprojects\ca3_for_submission-liamflynn2003\build\drop_pod.dir\debug\cmp_monster.obj
c:\users\liam\clionprojects\ca3_for_submission-liamflynn2003\build\drop_pod.dir\debug\scene_planet_level.obj
c:\users\liam\clionprojects\ca3_for_submission-liamflynn2003\build\drop_pod.dir\debug\scene_menu.obj
c:\users\liam\clionprojects\ca3_for_submission-liamflynn2003\build\drop_pod.dir\debug\cmp_sprite.obj
c:\users\liam\clionprojects\ca3_for_submission-liamflynn2003\build\drop_pod.dir\debug\cmp_text.obj
c:\users\liam\clionprojects\ca3_for_submission-liamflynn2003\build\drop_pod.dir\debug\cmp_actor_movement.obj
c:\users\liam\clionprojects\ca3_for_submission-liamflynn2003\build\drop_pod.dir\debug\cmp_score_manager.obj
c:\users\liam\clionprojects\ca3_for_submission-liamflynn2003\build\drop_pod.dir\debug\vc143.pdb
c:\users\liam\clionprojects\ca3_for_submission-liamflynn2003\build\drop_pod.dir\debug\scene_planet_level2.obj
c:\users\liam\clionprojects\ca3_for_submission-liamflynn2003\build\cmakefiles\generate.stamp
c:\users\liam\clionprojects\ca3_for_submission-liamflynn2003\build\bin\debug\drop_pod.exe
c:\users\liam\clionprojects\ca3_for_submission-liamflynn2003\build\drop_pod.dir\debug\drop_pod.ilk
c:\users\liam\clionprojects\ca3_for_submission-liamflynn2003\build\bin\debug\drop_pod.pdb
c:\users\liam\clionprojects\ca3_for_submission-liamflynn2003\build\drop_pod.dir\debug\drop_pod.tlog\cl.command.1.tlog
c:\users\liam\clionprojects\ca3_for_submission-liamflynn2003\build\drop_pod.dir\debug\drop_pod.tlog\cl.read.1.tlog
c:\users\liam\clionprojects\ca3_for_submission-liamflynn2003\build\drop_pod.dir\debug\drop_pod.tlog\cl.write.1.tlog
c:\users\liam\clionprojects\ca3_for_submission-liamflynn2003\build\drop_pod.dir\debug\drop_pod.tlog\custombuild.command.1.tlog
c:\users\liam\clionprojects\ca3_for_submission-liamflynn2003\build\drop_pod.dir\debug\drop_pod.tlog\custombuild.read.1.tlog
c:\users\liam\clionprojects\ca3_for_submission-liamflynn2003\build\drop_pod.dir\debug\drop_pod.tlog\custombuild.write.1.tlog
c:\users\liam\clionprojects\ca3_for_submission-liamflynn2003\build\drop_pod.dir\debug\drop_pod.tlog\link.command.1.tlog
c:\users\liam\clionprojects\ca3_for_submission-liamflynn2003\build\drop_pod.dir\debug\drop_pod.tlog\link.read.1.tlog
c:\users\liam\clionprojects\ca3_for_submission-liamflynn2003\build\drop_pod.dir\debug\drop_pod.tlog\link.write.1.tlog
