c:\users\liam\clionprojects\ca3_for_submission-liamflynn2003\build\lib\sfml\src\sfml\audio\sfml-audio.dir\debug\alresource.obj
c:\users\liam\clionprojects\ca3_for_submission-liamflynn2003\build\lib\sfml\src\sfml\audio\sfml-audio.dir\debug\soundbufferrecorder.obj
c:\users\liam\clionprojects\ca3_for_submission-liamflynn2003\build\lib\sfml\src\sfml\audio\sfml-audio.dir\debug\soundfilefactory.obj
c:\users\liam\clionprojects\ca3_for_submission-liamflynn2003\build\lib\sfml\src\sfml\audio\sfml-audio.dir\debug\soundfilewriterwav.obj
c:\users\liam\clionprojects\ca3_for_submission-liamflynn2003\build\lib\sfml\src\sfml\audio\sfml-audio.dir\debug\audiodevice.obj
c:\users\liam\clionprojects\ca3_for_submission-liamflynn2003\build\lib\sfml\src\sfml\audio\sfml-audio.dir\debug\soundrecorder.obj
c:\users\liam\clionprojects\ca3_for_submission-liamflynn2003\build\lib\sfml\src\sfml\audio\sfml-audio.dir\debug\soundfilewriterflac.obj
c:\users\liam\clionprojects\ca3_for_submission-liamflynn2003\build\lib\sfml\src\sfml\audio\sfml-audio.dir\debug\music.obj
c:\users\liam\clionprojects\ca3_for_submission-liamflynn2003\build\lib\sfml\src\sfml\audio\sfml-audio.dir\debug\soundsource.obj
c:\users\liam\clionprojects\ca3_for_submission-liamflynn2003\build\lib\sfml\src\sfml\audio\sfml-audio.dir\debug\soundstream.obj
c:\users\liam\clionprojects\ca3_for_submission-liamflynn2003\build\lib\sfml\src\sfml\audio\sfml-audio.dir\debug\soundfilewriterogg.obj
c:\users\liam\clionprojects\ca3_for_submission-liamflynn2003\build\lib\sfml\src\sfml\audio\sfml-audio.dir\debug\alcheck.obj
c:\users\liam\clionprojects\ca3_for_submission-liamflynn2003\build\lib\sfml\src\sfml\audio\sfml-audio.dir\debug\outputsoundfile.obj
c:\users\liam\clionprojects\ca3_for_submission-liamflynn2003\build\lib\sfml\src\sfml\audio\sfml-audio.dir\debug\soundfilereaderflac.obj
c:\users\liam\clionprojects\ca3_for_submission-liamflynn2003\build\lib\sfml\src\sfml\audio\sfml-audio.dir\debug\listener.obj
c:\users\liam\clionprojects\ca3_for_submission-liamflynn2003\build\lib\sfml\src\sfml\audio\sfml-audio.dir\debug\soundbuffer.obj
c:\users\liam\clionprojects\ca3_for_submission-liamflynn2003\build\lib\sfml\src\sfml\audio\sfml-audio.dir\debug\soundfilereaderwav.obj
c:\users\liam\clionprojects\ca3_for_submission-liamflynn2003\build\lib\sfml\src\sfml\audio\sfml-audio.dir\debug\sound.obj
c:\users\liam\clionprojects\ca3_for_submission-liamflynn2003\build\lib\sfml\src\sfml\audio\sfml-audio.dir\debug\inputsoundfile.obj
c:\users\liam\clionprojects\ca3_for_submission-liamflynn2003\build\lib\sfml\src\sfml\audio\sfml-audio.dir\debug\soundfilereaderogg.obj
c:\users\liam\clionprojects\ca3_for_submission-liamflynn2003\build\lib\sfml\src\sfml\audio\sfml-audio.dir\debug\vc143.pdb
c:\users\liam\clionprojects\ca3_for_submission-liamflynn2003\build\lib\sfml\src\sfml\audio\cmakefiles\generate.stamp
c:\users\liam\clionprojects\ca3_for_submission-liamflynn2003\build\lib\sfml\src\sfml\audio\sfml-audio.dir\debug\sfml-audio-d-2.ilk
c:\users\liam\clionprojects\ca3_for_submission-liamflynn2003\build\bin\debug\sfml-audio-d-2.dll
c:\users\liam\clionprojects\ca3_for_submission-liamflynn2003\build\lib\sfml\lib\debug\sfml-audio.pdb
c:\users\liam\clionprojects\ca3_for_submission-liamflynn2003\build\lib\sfml\lib\debug\sfml-audio-d.lib
c:\users\liam\clionprojects\ca3_for_submission-liamflynn2003\build\lib\sfml\lib\debug\sfml-audio-d.exp
c:\users\liam\clionprojects\ca3_for_submission-liamflynn2003\build\lib\sfml\src\sfml\audio\sfml-audio.dir\debug\sfml-audio.tlog\cl.10184.write.1.tlog
c:\users\liam\clionprojects\ca3_for_submission-liamflynn2003\build\lib\sfml\src\sfml\audio\sfml-audio.dir\debug\sfml-audio.tlog\cl.10944.write.1.tlog
c:\users\liam\clionprojects\ca3_for_submission-liamflynn2003\build\lib\sfml\src\sfml\audio\sfml-audio.dir\debug\sfml-audio.tlog\cl.command.1.tlog
c:\users\liam\clionprojects\ca3_for_submission-liamflynn2003\build\lib\sfml\src\sfml\audio\sfml-audio.dir\debug\sfml-audio.tlog\cl.read.1.tlog
c:\users\liam\clionprojects\ca3_for_submission-liamflynn2003\build\lib\sfml\src\sfml\audio\sfml-audio.dir\debug\sfml-audio.tlog\custombuild.command.1.tlog
c:\users\liam\clionprojects\ca3_for_submission-liamflynn2003\build\lib\sfml\src\sfml\audio\sfml-audio.dir\debug\sfml-audio.tlog\custombuild.read.1.tlog
c:\users\liam\clionprojects\ca3_for_submission-liamflynn2003\build\lib\sfml\src\sfml\audio\sfml-audio.dir\debug\sfml-audio.tlog\custombuild.write.1.tlog
c:\users\liam\clionprojects\ca3_for_submission-liamflynn2003\build\lib\sfml\src\sfml\audio\sfml-audio.dir\debug\sfml-audio.tlog\link.command.1.tlog
c:\users\liam\clionprojects\ca3_for_submission-liamflynn2003\build\lib\sfml\src\sfml\audio\sfml-audio.dir\debug\sfml-audio.tlog\link.read.1.tlog
c:\users\liam\clionprojects\ca3_for_submission-liamflynn2003\build\lib\sfml\src\sfml\audio\sfml-audio.dir\debug\sfml-audio.tlog\link.write.1.tlog
c:\users\liam\clionprojects\ca3_for_submission-liamflynn2003\build\lib\sfml\src\sfml\audio\sfml-audio.dir\debug\sfml-audio.tlog\sfml-audio.write.1u.tlog
