c:\users\liam\clionprojects\ca3_for_submission-liamflynn2003\build\lib\b2d\box2d\box2d.dir\debug\b2edgeshape.obj
c:\users\liam\clionprojects\ca3_for_submission-liamflynn2003\build\lib\b2d\box2d\box2d.dir\debug\b2collidepolygon.obj
c:\users\liam\clionprojects\ca3_for_submission-liamflynn2003\build\lib\b2d\box2d\box2d.dir\debug\b2draw.obj
c:\users\liam\clionprojects\ca3_for_submission-liamflynn2003\build\lib\b2d\box2d\box2d.dir\debug\b2chainandpolygoncontact.obj
c:\users\liam\clionprojects\ca3_for_submission-liamflynn2003\build\lib\b2d\box2d\box2d.dir\debug\b2edgeandpolygoncontact.obj
c:\users\liam\clionprojects\ca3_for_submission-liamflynn2003\build\lib\b2d\box2d\box2d.dir\debug\b2motorjoint.obj
c:\users\liam\clionprojects\ca3_for_submission-liamflynn2003\build\lib\b2d\box2d\box2d.dir\debug\b2weldjoint.obj
c:\users\liam\clionprojects\ca3_for_submission-liamflynn2003\build\lib\b2d\box2d\box2d.dir\debug\b2world.obj
c:\users\liam\clionprojects\ca3_for_submission-liamflynn2003\build\lib\b2d\box2d\box2d.dir\debug\b2circleshape.obj
c:\users\liam\clionprojects\ca3_for_submission-liamflynn2003\build\lib\b2d\box2d\box2d.dir\debug\b2collision.obj
c:\users\liam\clionprojects\ca3_for_submission-liamflynn2003\build\lib\b2d\box2d\box2d.dir\debug\b2blockallocator.obj
c:\users\liam\clionprojects\ca3_for_submission-liamflynn2003\build\lib\b2d\box2d\box2d.dir\debug\b2circlecontact.obj
c:\users\liam\clionprojects\ca3_for_submission-liamflynn2003\build\lib\b2d\box2d\box2d.dir\debug\b2polygoncontact.obj
c:\users\liam\clionprojects\ca3_for_submission-liamflynn2003\build\lib\b2d\box2d\box2d.dir\debug\b2prismaticjoint.obj
c:\users\liam\clionprojects\ca3_for_submission-liamflynn2003\build\lib\b2d\box2d\box2d.dir\debug\b2body.obj
c:\users\liam\clionprojects\ca3_for_submission-liamflynn2003\build\lib\b2d\box2d\box2d.dir\debug\b2rope.obj
c:\users\liam\clionprojects\ca3_for_submission-liamflynn2003\build\lib\b2d\box2d\box2d.dir\debug\b2polygonshape.obj
c:\users\liam\clionprojects\ca3_for_submission-liamflynn2003\build\lib\b2d\box2d\box2d.dir\debug\b2timeofimpact.obj
c:\users\liam\clionprojects\ca3_for_submission-liamflynn2003\build\lib\b2d\box2d\box2d.dir\debug\b2stackallocator.obj
c:\users\liam\clionprojects\ca3_for_submission-liamflynn2003\build\lib\b2d\box2d\box2d.dir\debug\b2contact.obj
c:\users\liam\clionprojects\ca3_for_submission-liamflynn2003\build\lib\b2d\box2d\box2d.dir\debug\b2polygonandcirclecontact.obj
c:\users\liam\clionprojects\ca3_for_submission-liamflynn2003\build\lib\b2d\box2d\box2d.dir\debug\b2joint.obj
c:\users\liam\clionprojects\ca3_for_submission-liamflynn2003\build\lib\b2d\box2d\box2d.dir\debug\b2ropejoint.obj
c:\users\liam\clionprojects\ca3_for_submission-liamflynn2003\build\lib\b2d\box2d\box2d.dir\debug\b2fixture.obj
c:\users\liam\clionprojects\ca3_for_submission-liamflynn2003\build\lib\b2d\box2d\box2d.dir\debug\b2broadphase.obj
c:\users\liam\clionprojects\ca3_for_submission-liamflynn2003\build\lib\b2d\box2d\box2d.dir\debug\b2timer.obj
c:\users\liam\clionprojects\ca3_for_submission-liamflynn2003\build\lib\b2d\box2d\box2d.dir\debug\b2distancejoint.obj
c:\users\liam\clionprojects\ca3_for_submission-liamflynn2003\build\lib\b2d\box2d\box2d.dir\debug\b2mousejoint.obj
c:\users\liam\clionprojects\ca3_for_submission-liamflynn2003\build\lib\b2d\box2d\box2d.dir\debug\b2wheeljoint.obj
c:\users\liam\clionprojects\ca3_for_submission-liamflynn2003\build\lib\b2d\box2d\box2d.dir\debug\b2island.obj
c:\users\liam\clionprojects\ca3_for_submission-liamflynn2003\build\lib\b2d\box2d\box2d.dir\debug\b2collidecircle.obj
c:\users\liam\clionprojects\ca3_for_submission-liamflynn2003\build\lib\b2d\box2d\box2d.dir\debug\b2collideedge.obj
c:\users\liam\clionprojects\ca3_for_submission-liamflynn2003\build\lib\b2d\box2d\box2d.dir\debug\b2dynamictree.obj
c:\users\liam\clionprojects\ca3_for_submission-liamflynn2003\build\lib\b2d\box2d\box2d.dir\debug\b2settings.obj
c:\users\liam\clionprojects\ca3_for_submission-liamflynn2003\build\lib\b2d\box2d\box2d.dir\debug\b2contactsolver.obj
c:\users\liam\clionprojects\ca3_for_submission-liamflynn2003\build\lib\b2d\box2d\box2d.dir\debug\b2gearjoint.obj
c:\users\liam\clionprojects\ca3_for_submission-liamflynn2003\build\lib\b2d\box2d\box2d.dir\debug\b2pulleyjoint.obj
c:\users\liam\clionprojects\ca3_for_submission-liamflynn2003\build\lib\b2d\box2d\box2d.dir\debug\b2contactmanager.obj
c:\users\liam\clionprojects\ca3_for_submission-liamflynn2003\build\lib\b2d\box2d\box2d.dir\debug\b2chainshape.obj
c:\users\liam\clionprojects\ca3_for_submission-liamflynn2003\build\lib\b2d\box2d\box2d.dir\debug\b2distance.obj
c:\users\liam\clionprojects\ca3_for_submission-liamflynn2003\build\lib\b2d\box2d\box2d.dir\debug\b2math.obj
c:\users\liam\clionprojects\ca3_for_submission-liamflynn2003\build\lib\b2d\box2d\box2d.dir\debug\b2chainandcirclecontact.obj
c:\users\liam\clionprojects\ca3_for_submission-liamflynn2003\build\lib\b2d\box2d\box2d.dir\debug\b2edgeandcirclecontact.obj
c:\users\liam\clionprojects\ca3_for_submission-liamflynn2003\build\lib\b2d\box2d\box2d.dir\debug\b2frictionjoint.obj
c:\users\liam\clionprojects\ca3_for_submission-liamflynn2003\build\lib\b2d\box2d\box2d.dir\debug\b2revolutejoint.obj
c:\users\liam\clionprojects\ca3_for_submission-liamflynn2003\build\lib\b2d\box2d\box2d.dir\debug\b2worldcallbacks.obj
c:\users\liam\clionprojects\ca3_for_submission-liamflynn2003\build\build\bin\debug\box2d.pdb
c:\users\liam\clionprojects\ca3_for_submission-liamflynn2003\build\lib\b2d\box2d\cmakefiles\generate.stamp
c:\users\liam\clionprojects\ca3_for_submission-liamflynn2003\build\build\bin\debug\box2d.lib
c:\users\liam\clionprojects\ca3_for_submission-liamflynn2003\build\lib\b2d\box2d\box2d.dir\debug\box2d.tlog\cl.13400.write.1.tlog
c:\users\liam\clionprojects\ca3_for_submission-liamflynn2003\build\lib\b2d\box2d\box2d.dir\debug\box2d.tlog\cl.17940.write.1.tlog
c:\users\liam\clionprojects\ca3_for_submission-liamflynn2003\build\lib\b2d\box2d\box2d.dir\debug\box2d.tlog\cl.command.1.tlog
c:\users\liam\clionprojects\ca3_for_submission-liamflynn2003\build\lib\b2d\box2d\box2d.dir\debug\box2d.tlog\cl.read.1.tlog
c:\users\liam\clionprojects\ca3_for_submission-liamflynn2003\build\lib\b2d\box2d\box2d.dir\debug\box2d.tlog\custombuild.command.1.tlog
c:\users\liam\clionprojects\ca3_for_submission-liamflynn2003\build\lib\b2d\box2d\box2d.dir\debug\box2d.tlog\custombuild.read.1.tlog
c:\users\liam\clionprojects\ca3_for_submission-liamflynn2003\build\lib\b2d\box2d\box2d.dir\debug\box2d.tlog\custombuild.write.1.tlog
c:\users\liam\clionprojects\ca3_for_submission-liamflynn2003\build\lib\b2d\box2d\box2d.dir\debug\box2d.tlog\lib-link.read.1.tlog
c:\users\liam\clionprojects\ca3_for_submission-liamflynn2003\build\lib\b2d\box2d\box2d.dir\debug\box2d.tlog\lib-link.write.1.tlog
c:\users\liam\clionprojects\ca3_for_submission-liamflynn2003\build\lib\b2d\box2d\box2d.dir\debug\box2d.tlog\lib.command.1.tlog
