c:\users\liam\clionprojects\ca3_for_submission-liamflynn2003\build\lib\sfml\src\sfml\window\sfml-window.dir\debug\glcontext.obj
c:\users\liam\clionprojects\ca3_for_submission-liamflynn2003\build\lib\sfml\src\sfml\window\sfml-window.dir\debug\wglextensions.obj
c:\users\liam\clionprojects\ca3_for_submission-liamflynn2003\build\lib\sfml\src\sfml\window\sfml-window.dir\debug\inputimpl.obj
c:\users\liam\clionprojects\ca3_for_submission-liamflynn2003\build\lib\sfml\src\sfml\window\sfml-window.dir\debug\context.obj
c:\users\liam\clionprojects\ca3_for_submission-liamflynn2003\build\lib\sfml\src\sfml\window\sfml-window.dir\debug\keyboard.obj
c:\users\liam\clionprojects\ca3_for_submission-liamflynn2003\build\lib\sfml\src\sfml\window\sfml-window.dir\debug\mouse.obj
c:\users\liam\clionprojects\ca3_for_submission-liamflynn2003\build\lib\sfml\src\sfml\window\sfml-window.dir\debug\videomode.obj
c:\users\liam\clionprojects\ca3_for_submission-liamflynn2003\build\lib\sfml\src\sfml\window\sfml-window.dir\debug\cursorimpl.obj
c:\users\liam\clionprojects\ca3_for_submission-liamflynn2003\build\lib\sfml\src\sfml\window\sfml-window.dir\debug\sensorimpl.obj
c:\users\liam\clionprojects\ca3_for_submission-liamflynn2003\build\lib\sfml\src\sfml\window\sfml-window.dir\debug\videomodeimpl.obj
c:\users\liam\clionprojects\ca3_for_submission-liamflynn2003\build\lib\sfml\src\sfml\window\sfml-window.dir\debug\clipboard.obj
c:\users\liam\clionprojects\ca3_for_submission-liamflynn2003\build\lib\sfml\src\sfml\window\sfml-window.dir\debug\sensor.obj
c:\users\liam\clionprojects\ca3_for_submission-liamflynn2003\build\lib\sfml\src\sfml\window\sfml-window.dir\debug\window.obj
c:\users\liam\clionprojects\ca3_for_submission-liamflynn2003\build\lib\sfml\src\sfml\window\sfml-window.dir\debug\joystickimpl.obj
c:\users\liam\clionprojects\ca3_for_submission-liamflynn2003\build\lib\sfml\src\sfml\window\sfml-window.dir\debug\glresource.obj
c:\users\liam\clionprojects\ca3_for_submission-liamflynn2003\build\lib\sfml\src\sfml\window\sfml-window.dir\debug\joystickmanager.obj
c:\users\liam\clionprojects\ca3_for_submission-liamflynn2003\build\lib\sfml\src\sfml\window\sfml-window.dir\debug\clipboardimpl.obj
c:\users\liam\clionprojects\ca3_for_submission-liamflynn2003\build\lib\sfml\src\sfml\window\sfml-window.dir\debug\joystick.obj
c:\users\liam\clionprojects\ca3_for_submission-liamflynn2003\build\lib\sfml\src\sfml\window\sfml-window.dir\debug\windowimpl.obj
c:\users\liam\clionprojects\ca3_for_submission-liamflynn2003\build\lib\sfml\src\sfml\window\sfml-window.dir\debug\windowimplwin32.obj
c:\users\liam\clionprojects\ca3_for_submission-liamflynn2003\build\lib\sfml\src\sfml\window\sfml-window.dir\debug\cursor.obj
c:\users\liam\clionprojects\ca3_for_submission-liamflynn2003\build\lib\sfml\src\sfml\window\sfml-window.dir\debug\touch.obj
c:\users\liam\clionprojects\ca3_for_submission-liamflynn2003\build\lib\sfml\src\sfml\window\sfml-window.dir\debug\sensormanager.obj
c:\users\liam\clionprojects\ca3_for_submission-liamflynn2003\build\lib\sfml\src\sfml\window\sfml-window.dir\debug\wglcontext.obj
c:\users\liam\clionprojects\ca3_for_submission-liamflynn2003\build\lib\sfml\src\sfml\window\sfml-window.dir\debug\vc143.pdb
c:\users\liam\clionprojects\ca3_for_submission-liamflynn2003\build\lib\sfml\src\sfml\window\cmakefiles\generate.stamp
c:\users\liam\clionprojects\ca3_for_submission-liamflynn2003\build\lib\sfml\src\sfml\window\sfml-window.dir\debug\sfml-window-d-2.ilk
c:\users\liam\clionprojects\ca3_for_submission-liamflynn2003\build\bin\debug\sfml-window-d-2.dll
c:\users\liam\clionprojects\ca3_for_submission-liamflynn2003\build\lib\sfml\lib\debug\sfml-window.pdb
c:\users\liam\clionprojects\ca3_for_submission-liamflynn2003\build\lib\sfml\lib\debug\sfml-window-d.lib
c:\users\liam\clionprojects\ca3_for_submission-liamflynn2003\build\lib\sfml\lib\debug\sfml-window-d.exp
c:\users\liam\clionprojects\ca3_for_submission-liamflynn2003\build\lib\sfml\src\sfml\window\sfml-window.dir\debug\sfml-window.tlog\cl.10120.write.1.tlog
c:\users\liam\clionprojects\ca3_for_submission-liamflynn2003\build\lib\sfml\src\sfml\window\sfml-window.dir\debug\sfml-window.tlog\cl.15660.write.1.tlog
c:\users\liam\clionprojects\ca3_for_submission-liamflynn2003\build\lib\sfml\src\sfml\window\sfml-window.dir\debug\sfml-window.tlog\cl.command.1.tlog
c:\users\liam\clionprojects\ca3_for_submission-liamflynn2003\build\lib\sfml\src\sfml\window\sfml-window.dir\debug\sfml-window.tlog\cl.read.1.tlog
c:\users\liam\clionprojects\ca3_for_submission-liamflynn2003\build\lib\sfml\src\sfml\window\sfml-window.dir\debug\sfml-window.tlog\custombuild.command.1.tlog
c:\users\liam\clionprojects\ca3_for_submission-liamflynn2003\build\lib\sfml\src\sfml\window\sfml-window.dir\debug\sfml-window.tlog\custombuild.read.1.tlog
c:\users\liam\clionprojects\ca3_for_submission-liamflynn2003\build\lib\sfml\src\sfml\window\sfml-window.dir\debug\sfml-window.tlog\custombuild.write.1.tlog
c:\users\liam\clionprojects\ca3_for_submission-liamflynn2003\build\lib\sfml\src\sfml\window\sfml-window.dir\debug\sfml-window.tlog\link.command.1.tlog
c:\users\liam\clionprojects\ca3_for_submission-liamflynn2003\build\lib\sfml\src\sfml\window\sfml-window.dir\debug\sfml-window.tlog\link.read.1.tlog
c:\users\liam\clionprojects\ca3_for_submission-liamflynn2003\build\lib\sfml\src\sfml\window\sfml-window.dir\debug\sfml-window.tlog\link.write.1.tlog
c:\users\liam\clionprojects\ca3_for_submission-liamflynn2003\build\lib\sfml\src\sfml\window\sfml-window.dir\debug\sfml-window.tlog\sfml-window.write.1u.tlog
